<?xml version="1.0" encoding="utf-8"?><testsuites name="pytest tests"><testsuite name="pytest" errors="0" failures="0" skipped="0" tests="19" time="4.381" timestamp="2026-09-13T17:33:14.540518+00:00" hostname="agent-env-0a9ea87b-ce28-4ed8-a0ea-1d01e80e1272"><testcase classname="tests.test_iteration16.TestMachineRequestsCreate" name="test_create_kauf" time="0.783" /><testcase classname="tests.test_iteration16.TestMachineAdminCRUD" name="test_create_update_delete" time="1.211" /><testcase classname="tests.test_iteration16.TestMachineRequestsCreate" name="test_create_finanzierung" time="0.280" /><testcase classname="tests.test_iteration16.TestMachineRequestsCreate" name="test_create_leasing" time="0.201" /><testcase classname="tests.test_iteration16.TestMachineRequestsCreate" name="test_invalid_type_400" time="0.338" /><testcase classname="tests.test_iteration16.TestMachineRequestsCreate" name="test_unknown_machine_404" time="0.224" /><testcase classname="tests.test_iteration16.TestMachineAdminCRUD" name="test_non_admin_forbidden" time="0.794" /><testcase classname="tests.test_iteration16.TestMachineCheckout" name="test_checkout_kauf_returns_url_or_502" time="0.434" /><testcase classname="tests.test_iteration16.TestMachineAdminCRUD" name="test_update_unknown_returns_404" time="0.067" /><testcase classname="tests.test_iteration16.TestMachineTermsAndAccept" name="test_admin_sets_terms_customer_accepts" time="0.454" /><testcase classname="tests.test_iteration16.TestMachineCheckout" name="test_checkout_non_kauf_400" time="0.317" /><testcase classname="tests.test_iteration16.TestMachineTermsAndAccept" name="test_accept_without_offer_409" time="0.393" /><testcase classname="tests.test_iteration16.TestMachineCheckout" name="test_payment_status_returns_status" time="0.278" /><testcase classname="tests.test_iteration16.TestMachinesCatalog" name="test_list_machines_seeds_three" time="0.062" /><testcase classname="tests.test_iteration16.TestMachineTermsAndAccept" name="test_set_terms_forbidden_for_customer" time="0.540" /><testcase classname="tests.test_iteration16.TestMachinesCatalog" name="test_admin_can_see_inactive" time="0.547" /><testcase classname="tests.test_iteration16.TestMachineRequestsVisibility" name="test_admin_sees_all" time="0.064" /><testcase classname="tests.test_iteration16.TestZCleanup" name="test_cleanup" time="0.067" /><testcase classname="tests.test_iteration16.TestMachineRequestsVisibility" name="test_customer_sees_only_own" time="0.069" /></testsuite></testsuites>