<?xml version="1.0" encoding="utf-8"?><testsuites name="pytest tests"><testsuite name="pytest" errors="0" failures="0" skipped="0" tests="23" time="8.634" timestamp="2026-09-13T19:39:41.386323+00:00" hostname="agent-env-0a9ea87b-ce28-4ed8-a0ea-1d01e80e1272"><testcase classname="tests.test_iteration19_security_fixes.TestSEC001ProductsAccess" name="test_shopuser_forbidden" time="0.590" /><testcase classname="tests.test_iteration19_security_fixes.TestSEC001ProductsAccess" name="test_unauth_401" time="1.079" /><testcase classname="tests.test_iteration19_security_fixes.TestSEC001ProductsAccess" name="test_admin_ok_and_sees_cost" time="0.510" /><testcase classname="tests.test_iteration19_security_fixes.TestSEC001ProductsAccess" name="test_customer_no_cost_or_floors" time="0.436" /><testcase classname="tests.test_iteration19_security_fixes.TestSEC001ProductsAccess" name="test_sales_no_cost_but_can_see_floors" time="0.462" /><testcase classname="tests.test_iteration19_security_fixes.TestSEC002OrderPricing" name="test_customer_price_ignored_and_invoice_reflects_server" time="0.418" /><testcase classname="tests.test_iteration19_security_fixes.TestSEC002OrderPricing" name="test_unknown_product_400" time="0.192" /><testcase classname="tests.test_iteration19_security_fixes.TestSEC002OrderPricing" name="test_qty_zero_400" time="0.195" /><testcase classname="tests.test_iteration19_security_fixes.TestSEC003ResetCode" name="test_forgot_creates_8char_uppercase_code" time="0.229" /><testcase classname="tests.test_iteration19_security_fixes.TestSEC003ResetCode" name="test_happy_path_reset_with_known_code" time="0.392" /><testcase classname="tests.test_iteration19_security_fixes.TestSEC003ResetCode" name="test_wrong_code_lockout_after_5_attempts" time="0.796" /><testcase classname="tests.test_iteration19_security_fixes.TestPushHardening" name="test_anon_body_uid_namespaced" time="0.173" /><testcase classname="tests.test_iteration19_security_fixes.TestPushHardening" name="test_authenticated_uses_real_uid_not_body" time="0.240" /><testcase classname="tests.test_iteration19_security_fixes.TestPushHardening" name="test_broadcast_admin_only" time="0.121" /><testcase classname="tests.test_iteration19_security_fixes.TestShopOrderToken" name="test_response_contains_token" time="0.232" /><testcase classname="tests.test_iteration19_security_fixes.TestShopOrderToken" name="test_checkout_no_token_forbidden" time="0.173" /><testcase classname="tests.test_iteration19_security_fixes.TestShopOrderToken" name="test_checkout_wrong_token_forbidden" time="0.145" /><testcase classname="tests.test_iteration19_security_fixes.TestShopOrderToken" name="test_checkout_correct_token_reaches_stripe" time="0.340" /><testcase classname="tests.test_iteration19_security_fixes.TestShopOrderToken" name="test_payment_status_no_token_forbidden" time="0.149" /><testcase classname="tests.test_iteration19_security_fixes.TestShopOrderToken" name="test_payment_status_correct_token_ok" time="0.118" /><testcase classname="tests.test_iteration19_security_fixes.TestShopOrderToken" name="test_owner_shopuser_no_token_ok" time="1.237" /><testcase classname="tests.test_iteration19_security_fixes.TestCORS" name="test_no_wildcard_credentials" time="0.137" /><testcase classname="tests.test_iteration19_security_fixes.TestCORS" name="test_api_still_works" time="0.145" /></testsuite></testsuites>