<?xml version="1.0" encoding="utf-8"?><testsuites name="pytest tests"><testsuite name="pytest" errors="0" failures="0" skipped="0" tests="14" time="3.870" timestamp="2026-09-13T01:49:05.984094+00:00" hostname="agent-env-0a9ea87b-ce28-4ed8-a0ea-1d01e80e1272"><testcase classname="tests.test_iteration3.TestInvoicePay" name="test_pay_invoice_admin_and_dashboard_drop" time="1.125" /><testcase classname="tests.test_iteration3.TestPriceHistory" name="test_price_change_records_history_and_no_dupe_on_unchanged" time="1.433" /><testcase classname="tests.test_iteration3.TestInvoicePay" name="test_pay_invoice_customer_forbidden" time="0.385" /><testcase classname="tests.test_iteration3.TestInvoicePay" name="test_pay_invoice_missing_404" time="0.249" /><testcase classname="tests.test_iteration3.TestPriceHistory" name="test_price_history_customer_forbidden" time="0.633" /><testcase classname="tests.test_iteration3.TestMultiLineOffers" name="test_multi_items_all_ok_freigegeben" time="0.385" /><testcase classname="tests.test_iteration3.TestMultiLineOffers" name="test_multi_items_below_salesfloor_needs_approval" time="0.241" /><testcase classname="tests.test_iteration3.TestPriceHistory" name="test_price_history_other_company_forbidden" time="0.411" /><testcase classname="tests.test_iteration3.TestMultiLineOffers" name="test_multi_items_below_absolute_floor_400" time="0.078" /><testcase classname="tests.test_iteration3.TestOrderShipping" name="test_versendet_sets_tracking_and_eta_and_is_idempotent" time="0.558" /><testcase classname="tests.test_iteration3.TestPriceHistory" name="test_price_history_sales_own_ok" time="0.093" /><testcase classname="tests.test_iteration3.TestRegression" name="test_three_role_login" time="0.000" /><testcase classname="tests.test_iteration3.TestRegression" name="test_core_endpoints_ok" time="0.769" /><testcase classname="tests.test_iteration3.TestRegression" name="test_unique_sequential_ids" time="0.191" /></testsuite></testsuites>