<?xml version="1.0" encoding="utf-8"?><testsuites name="pytest tests"><testsuite name="pytest" errors="0" failures="0" skipped="1" tests="18" time="2.872" timestamp="2026-09-13T10:42:59.271859+00:00" hostname="agent-env-0a9ea87b-ce28-4ed8-a0ea-1d01e80e1272"><testcase classname="tests.test_iteration5.TestUpload" name="test_admin_upload_returns_url_and_path" time="0.959" /><testcase classname="tests.test_iteration5.TestUpload" name="test_get_file_returns_image_bytes" time="0.397" /><testcase classname="tests.test_iteration5.TestRegression" name="test_login_three_roles" time="1.234" /><testcase classname="tests.test_iteration5.TestRegression" name="test_offer_create_and_approve" time="0.121" /><testcase classname="tests.test_iteration5.TestRegression" name="test_offer_reject" time="0.120" /><testcase classname="tests.test_iteration5.TestUpload" name="test_non_image_rejected" time="0.064" /><testcase classname="tests.test_iteration5.TestRegression" name="test_order_status_and_cancel_flow" time="0.642" /><testcase classname="tests.test_iteration5.TestUpload" name="test_sales_cannot_upload" time="0.350" /><testcase classname="tests.test_iteration5.TestUpload" name="test_customer_cannot_upload" time="0.350" /><testcase classname="tests.test_iteration5.TestRegression" name="test_customer_price_and_history" time="0.184" /><testcase classname="tests.test_iteration5.TestProductRoleHiding" name="test_admin_sees_cost" time="0.063" /><testcase classname="tests.test_iteration5.TestProductRoleHiding" name="test_sales_no_cost_but_has_floors" time="0.067" /><testcase classname="tests.test_iteration5.TestProductRoleHiding" name="test_customer_no_cost_no_floors" time="0.063" /><testcase classname="tests.test_iteration5.TestRegression" name="test_invoice_pay" time="0.057"><skipped type="pytest.skip" message="no open invoice to pay">/app/backend/tests/test_iteration5.py:249: no open invoice to pay</skipped></testcase><testcase classname="tests.test_iteration5.TestProductDescriptionAndImage" name="test_create_and_update_with_description_and_image" time="0.192" /><testcase classname="tests.test_iteration5.TestAnalyticsRoleHiding" name="test_admin_analytics_has_margin" time="0.056" /><testcase classname="tests.test_iteration5.TestAnalyticsRoleHiding" name="test_sales_analytics_no_margin" time="0.057" /><testcase classname="tests.test_iteration5.TestAnalyticsRoleHiding" name="test_customer_analytics_forbidden" time="0.054" /></testsuite></testsuites>