<?xml version="1.0" encoding="utf-8"?><testsuites name="pytest tests"><testsuite name="pytest" errors="0" failures="0" skipped="0" tests="15" time="6.593" timestamp="2026-09-13T16:47:26.870404+00:00" hostname="agent-env-0a9ea87b-ce28-4ed8-a0ea-1d01e80e1272"><testcase classname="tests.test_iteration15.TestB2COnlyDiscount" name="test_shopuser_gets_discount" time="0.904" /><testcase classname="tests.test_iteration15.TestStatusHistoryTracking" name="test_new_order_has_status_history_neu" time="1.309" /><testcase classname="tests.test_iteration15.TestB2COnlyDiscount" name="test_guest_gets_discount" time="0.356" /><testcase classname="tests.test_iteration15.TestStatusHistoryTracking" name="test_versendet_with_tracking_appends_and_stores" time="0.970" /><testcase classname="tests.test_iteration15.TestB2COnlyDiscount" name="test_b2b_admin_no_discount" time="0.635" /><testcase classname="tests.test_iteration15.TestB2COnlyDiscount" name="test_b2b_customer_no_discount" time="0.661" /><testcase classname="tests.test_iteration15.TestStatusHistoryTracking" name="test_versendet_without_tracking_ok" time="0.652" /><testcase classname="tests.test_iteration15.TestB2COnlyDiscount" name="test_b2b_sales_no_discount" time="0.665" /><testcase classname="tests.test_iteration15.TestStatusHistoryTracking" name="test_multiple_status_transitions_append" time="1.642" /><testcase classname="tests.test_iteration15.TestShopUserAddress" name="test_register_response_includes_address_field" time="0.326" /><testcase classname="tests.test_iteration15.TestShopUserAddress" name="test_login_response_includes_address" time="0.684" /><testcase classname="tests.test_iteration15.TestShopUserAddress" name="test_put_address_saves_and_me_returns_it" time="0.637" /><testcase classname="tests.test_iteration15.TestStatusHistoryTracking" name="test_invalid_status_400" time="0.592" /><testcase classname="tests.test_iteration15.TestShopUserAddress" name="test_put_address_no_auth_401" time="0.132" /><testcase classname="tests.test_iteration15.TestStatusHistoryTracking" name="test_shopuser_forbidden_403" time="0.877" /></testsuite></testsuites>