<?xml version="1.0" encoding="utf-8"?><testsuites name="pytest tests"><testsuite name="pytest" errors="0" failures="0" skipped="0" tests="66" time="7.443" timestamp="2026-09-13T10:01:42.027625+00:00" hostname="agent-env-0a9ea87b-ce28-4ed8-a0ea-1d01e80e1272"><testcase classname="tests.test_iteration2.TestOrderDetailAndStatus" name="test_get_order_admin_ok" time="0.578" /><testcase classname="tests.test_iteration2.TestOrderDetailAndStatus" name="test_get_order_missing_404" time="0.060" /><testcase classname="tests.test_iteration4.TestOrderCancel" name="test_customer_cancels_own_neu_order" time="1.301" /><testcase classname="tests.test_iteration2.TestOrderDetailAndStatus" name="test_get_order_other_company_403" time="0.607" /><testcase classname="tests.test_iteration2.TestOrderDetailAndStatus" name="test_customer_forbidden_on_other_company_order" time="0.158" /><testcase classname="tests.test_iteration4.TestOrderCancel" name="test_second_cancel_returns_400" time="0.271" /><testcase classname="tests.test_iteration2.TestOrderDetailAndStatus" name="test_set_status_valid_admin" time="0.213" /><testcase classname="tests.test_iteration4.TestOrderCancel" name="test_other_company_gets_403" time="0.209" /><testcase classname="tests.test_iteration2.TestOrderDetailAndStatus" name="test_set_status_invalid_400" time="0.107" /><testcase classname="tests.test_iteration2.TestOrderDetailAndStatus" name="test_set_status_customer_forbidden" time="0.096" /><testcase classname="tests.test_iteration4.TestOrderCancel" name="test_missing_order_404" time="0.105" /><testcase classname="tests.test_ss_backend.TestAuth" name="test_login_admin_returns_token_and_user" time="0.281" /><testcase classname="tests.test_iteration4.TestOrderCancel" name="test_cancel_blocked_when_bestaetigt" time="0.780" /><testcase classname="tests.test_ss_backend.TestAuth" name="test_login_sales" time="0.279" /><testcase classname="tests.test_ss_backend.TestAuth" name="test_login_customer" time="0.280" /><testcase classname="tests.test_ss_backend.TestAuth" name="test_login_wrong_password" time="0.283" /><testcase classname="tests.test_iteration4.TestOrderCancel" name="test_cancel_blocked_when_versendet" time="0.624" /><testcase classname="tests.test_ss_backend.TestAuth" name="test_me_returns_role" time="0.061" /><testcase classname="tests.test_ss_backend.TestAuth" name="test_me_no_token_401" time="0.115" /><testcase classname="tests.test_iteration2.TestProductsCRUD" name="test_create_product_admin" time="0.113" /><testcase classname="tests.test_iteration2.TestProductsCRUD" name="test_create_product_non_admin_forbidden" time="0.505" /><testcase classname="tests.test_iteration2.TestProductsCRUD" name="test_update_product_admin" time="0.065" /><testcase classname="tests.test_ss_backend.TestOffers" name="test_offer_approved_when_at_or_above_sales_floor" time="0.519" /><testcase classname="tests.test_iteration2.TestProductsCRUD" name="test_update_product_404" time="0.056" /><testcase classname="tests.test_ss_backend.TestOffers" name="test_offer_needs_approval_below_sales_floor" time="0.104" /><testcase classname="tests.test_iteration2.TestCustomerPrices" name="test_upsert_customer_price_admin" time="0.201" /><testcase classname="tests.test_ss_backend.TestOffers" name="test_offer_rejected_below_absolute_floor" time="0.103" /><testcase classname="tests.test_ss_backend.TestOffers" name="test_sales_cannot_offer_for_c2" time="0.103" /><testcase classname="tests.test_iteration2.TestCustomerPrices" name="test_upsert_customer_price_updates_existing" time="0.153" /><testcase classname="tests.test_ss_backend.TestOffers" name="test_admin_approve_and_reject_flow" time="0.417" /><testcase classname="tests.test_iteration2.TestCustomerPrices" name="test_delete_customer_price_admin" time="0.163" /><testcase classname="tests.test_iteration2.TestCustomerPrices" name="test_customer_price_non_admin_forbidden" time="0.197" /><testcase classname="tests.test_ss_backend.TestOffers" name="test_non_admin_cannot_approve" time="0.102" /><testcase classname="tests.test_iteration3.TestInvoicePay" name="test_pay_invoice_admin_and_dashboard_drop" time="0.352" /><testcase classname="tests.test_iteration3.TestPriceHistory" name="test_price_change_records_history_and_no_dupe_on_unchanged" time="0.355" /><testcase classname="tests.test_iteration3.TestInvoicePay" name="test_pay_invoice_customer_forbidden" time="0.061" /><testcase classname="tests.test_iteration3.TestInvoicePay" name="test_pay_invoice_missing_404" time="0.061" /><testcase classname="tests.test_iteration3.TestPriceHistory" name="test_price_history_customer_forbidden" time="0.132" /><testcase classname="tests.test_iteration3.TestMultiLineOffers" name="test_multi_items_all_ok_freigegeben" time="0.057" /><testcase classname="tests.test_iteration3.TestMultiLineOffers" name="test_multi_items_below_salesfloor_needs_approval" time="0.058" /><testcase classname="tests.test_iteration3.TestPriceHistory" name="test_price_history_other_company_forbidden" time="0.105" /><testcase classname="tests.test_iteration3.TestMultiLineOffers" name="test_multi_items_below_absolute_floor_400" time="0.057" /><testcase classname="tests.test_iteration3.TestRegression" name="test_three_role_login" time="0.000" /><testcase classname="tests.test_iteration3.TestRegression" name="test_core_endpoints_ok" time="0.598" /><testcase classname="tests.test_iteration3.TestPriceHistory" name="test_price_history_sales_own_ok" time="0.102" /><testcase classname="tests.test_iteration4.TestRegression" name="test_login_three_roles" time="0.000" /><testcase classname="tests.test_iteration4.TestRegression" name="test_create_order_and_advance_status" time="0.169" /><testcase classname="tests.test_iteration4.TestRegression" name="test_products_and_create_product" time="0.165" /><testcase classname="tests.test_ss_backend.TestDashboard" name="test_admin_dashboard_kpis" time="0.105" /><testcase classname="tests.test_ss_backend.TestDashboard" name="test_sales_dashboard" time="0.107" /><testcase classname="tests.test_iteration3.TestRegression" name="test_unique_sequential_ids" time="0.158" /><testcase classname="tests.test_ss_backend.TestDashboard" name="test_customer_dashboard" time="0.104" /><testcase classname="tests.test_ss_backend.TestCompanies" name="test_admin_sees_4" time="0.061" /><testcase classname="tests.test_iteration2.TestUniqueIDs" name="test_two_rapid_offers_distinct_ids" time="0.208" /><testcase classname="tests.test_ss_backend.TestCompanies" name="test_sales_sees_3" time="0.102" /><testcase classname="tests.test_ss_backend.TestCompanies" name="test_customer_forbidden" time="0.097" /><testcase classname="tests.test_iteration2.TestUniqueIDs" name="test_two_rapid_orders_distinct_ids" time="0.208" /><testcase classname="tests.test_ss_backend.TestOrders" name="test_customer_orders_own_company" time="0.160" /><testcase classname="tests.test_ss_backend.TestProducts" name="test_admin_sees_floors" time="0.062" /><testcase classname="tests.test_ss_backend.TestOrders" name="test_customer_cannot_order_c2" time="0.056" /><testcase classname="tests.test_ss_backend.TestContractsInvoices" name="test_customer_contracts_only_c1" time="0.065" /><testcase classname="tests.test_ss_backend.TestProducts" name="test_customer_no_floors" time="0.063" /><testcase classname="tests.test_ss_backend.TestContractsInvoices" name="test_customer_invoices_only_c1" time="0.059" /><testcase classname="tests.test_ss_backend.TestAnalytics" name="test_admin_analytics" time="0.105" /><testcase classname="tests.test_iteration3.TestOrderShipping" name="test_versendet_sets_tracking_and_eta_and_is_idempotent" time="0.497" /><testcase classname="tests.test_ss_backend.TestAnalytics" name="test_customer_analytics_forbidden" time="0.103" /></testsuite></testsuites>