<?xml version="1.0" encoding="utf-8"?><testsuites name="pytest tests"><testsuite name="pytest" errors="0" failures="0" skipped="0" tests="11" time="5.202" timestamp="2026-09-13T13:45:26.928022+00:00" hostname="agent-env-0a9ea87b-ce28-4ed8-a0ea-1d01e80e1272"><testcase classname="tests.test_iteration9.TestCostInvariant" name="test_admin_sees_cost" time="0.550" /><testcase classname="tests.test_iteration9.TestCostInvariant" name="test_sales_no_cost" time="0.434" /><testcase classname="tests.test_iteration9.TestCostInvariant" name="test_customer_no_cost" time="0.407" /><testcase classname="tests.test_iteration9.TestMultiItemReorder" name="test_multi_item_order_persists_and_appears_in_history" time="0.638" /><testcase classname="tests.test_iteration9.TestOfferAcceptNote" name="test_approve_then_accept_with_note_creates_order_note" time="1.105" /><testcase classname="tests.test_iteration9.TestOfferAcceptNote" name="test_accept_already_accepted_returns_400" time="0.124" /><testcase classname="tests.test_iteration9.TestAuditLog" name="test_audit_requires_admin" time="0.238" /><testcase classname="tests.test_iteration9.TestAuditLog" name="test_audit_lists_entries" time="0.117" /><testcase classname="tests.test_iteration9.TestAuditLog" name="test_audit_records_offer_approve_and_accept" time="0.137" /><testcase classname="tests.test_iteration9.TestAuditLog" name="test_order_status_change_creates_audit_entry" time="0.808" /><testcase classname="tests.test_iteration9.TestOrdersSearchFilterDataShape" name="test_orders_have_id_and_status" time="0.597" /></testsuite></testsuites>