<?xml version="1.0" encoding="utf-8"?><testsuites name="pytest tests"><testsuite name="pytest" errors="0" failures="0" skipped="1" tests="8" time="3.946" timestamp="2026-09-13T17:42:24.025504+00:00" hostname="agent-env-0a9ea87b-ce28-4ed8-a0ea-1d01e80e1272"><testcase classname="tests.test_iteration17.TestLeasingAcceptCreatesContract" name="test_leasing_accept_creates_coffee_binding_contract" time="1.281" /><testcase classname="tests.test_iteration17.TestLeasingAcceptCreatesContract" name="test_leasing_accept_is_idempotent_no_duplicate_contract" time="0.535" /><testcase classname="tests.test_iteration17.TestLeasingAcceptCreatesContract" name="test_finanzierung_accept_does_not_create_contract" time="0.435" /><testcase classname="tests.test_iteration17.TestContractsListIncludesLeasing" name="test_customer_contracts_include_machine_leasing" time="0.489" /><testcase classname="tests.test_iteration17.TestRegressionMachines" name="test_machines_list_still_ok" time="0.073" /><testcase classname="tests.test_iteration17.TestRegressionMachines" name="test_kauf_checkout_flow_still_ok" time="0.428" /><testcase classname="tests.test_iteration17.TestLeasingNoCompanyDoesNotCrash" name="test_no_company_no_contract" time="0.596"><skipped type="pytest.skip" message="could not login temp user: 401 {&quot;detail&quot;:&quot;E-Mail oder Passwort falsch&quot;}">/app/backend/tests/test_iteration17.py:215: could not login temp user: 401 {"detail":"E-Mail oder Passwort falsch"}</skipped></testcase><testcase classname="tests.test_iteration17.TestZCleanup" name="test_cleanup" time="0.004" /></testsuite></testsuites>