<?xml version="1.0" encoding="utf-8"?><testsuites name="pytest tests"><testsuite name="pytest" errors="0" failures="0" skipped="0" tests="11" time="3.283" timestamp="2026-09-13T11:24:00.111897+00:00" hostname="agent-env-0a9ea87b-ce28-4ed8-a0ea-1d01e80e1272"><testcase classname="tests.test_iteration6.TestOfferAccept" name="test_customer_accepts_freigegeben_offer_creates_order" time="1.199" /><testcase classname="tests.test_iteration6.TestOfferAccept" name="test_accept_already_converted_returns_400" time="0.066" /><testcase classname="tests.test_iteration6.TestOfferAccept" name="test_accept_not_freigegeben_returns_400" time="0.144" /><testcase classname="tests.test_iteration6.TestOfferAccept" name="test_accept_cross_company_returns_403" time="0.299" /><testcase classname="tests.test_iteration6.TestDiscountTiers" name="test_seeded_p1_p2_have_tiers" time="0.065" /><testcase classname="tests.test_iteration6.TestDiscountTiers" name="test_create_and_update_tiers_persist" time="0.274" /><testcase classname="tests.test_iteration6.TestEmailNonBlocking" name="test_approve_returns_200_and_persists" time="0.283" /><testcase classname="tests.test_iteration6.TestEmailNonBlocking" name="test_status_versendet_returns_200_and_sets_tracking" time="0.421" /><testcase classname="tests.test_iteration6.TestCostHidingRegression" name="test_sales_no_cost" time="0.350" /><testcase classname="tests.test_iteration6.TestCostHidingRegression" name="test_customer_no_cost" time="0.062" /><testcase classname="tests.test_iteration6.TestCleanupRestore" name="test_zzz_cleanup" time="0.074" /></testsuite></testsuites>