<?xml version="1.0" encoding="utf-8"?><testsuites name="pytest tests"><testsuite name="pytest" errors="3" failures="0" skipped="0" tests="30" time="3.619" timestamp="2026-09-13T10:45:03.926971+00:00" hostname="agent-env-0a9ea87b-ce28-4ed8-a0ea-1d01e80e1272"><testcase classname="" name="tests.test_iteration2" time="0.000"><error message="collection failure">ImportError while importing test module '/app/backend/tests/test_iteration2.py'.
Hint: make sure your test modules/packages have valid Python names.
Traceback:
/usr/local/lib/python3.11/importlib/__init__.py:126: in import_module
    return _bootstrap._gcd_import(name[level:], package, level)
           ^^^^^^^^^^^^^^^^^^^^^^^^^^^^^^^^^^^^^^^^^^^^^^^^^^^^
tests/test_iteration2.py:2: in &lt;module&gt;
    from tests.conftest import hdr
E   ModuleNotFoundError: No module named 'tests'</error></testcase><testcase classname="" name="tests.test_iteration3" time="0.000"><error message="collection failure">ImportError while importing test module '/app/backend/tests/test_iteration3.py'.
Hint: make sure your test modules/packages have valid Python names.
Traceback:
/usr/local/lib/python3.11/importlib/__init__.py:126: in import_module
    return _bootstrap._gcd_import(name[level:], package, level)
           ^^^^^^^^^^^^^^^^^^^^^^^^^^^^^^^^^^^^^^^^^^^^^^^^^^^^
tests/test_iteration3.py:2: in &lt;module&gt;
    from tests.conftest import hdr
E   ModuleNotFoundError: No module named 'tests'</error></testcase><testcase classname="" name="tests.test_ss_backend" time="0.000"><error message="collection failure">ImportError while importing test module '/app/backend/tests/test_ss_backend.py'.
Hint: make sure your test modules/packages have valid Python names.
Traceback:
/usr/local/lib/python3.11/importlib/__init__.py:126: in import_module
    return _bootstrap._gcd_import(name[level:], package, level)
           ^^^^^^^^^^^^^^^^^^^^^^^^^^^^^^^^^^^^^^^^^^^^^^^^^^^^
tests/test_ss_backend.py:3: in &lt;module&gt;
    from tests.conftest import hdr, _login
E   ModuleNotFoundError: No module named 'tests'</error></testcase><testcase classname="tests.test_iteration4.TestOrderCancel" name="test_customer_cancels_own_neu_order" time="1.371" /><testcase classname="tests.test_iteration5.TestRegression" name="test_login_three_roles" time="1.245" /><testcase classname="tests.test_iteration5.TestRegression" name="test_offer_create_and_approve" time="0.135" /><testcase classname="tests.test_iteration4.TestOrderCancel" name="test_second_cancel_returns_400" time="0.194" /><testcase classname="tests.test_iteration5.TestRegression" name="test_offer_reject" time="0.168" /><testcase classname="tests.test_iteration5.TestRegression" name="test_order_status_and_cancel_flow" time="0.303" /><testcase classname="tests.test_iteration4.TestOrderCancel" name="test_other_company_gets_403" time="0.163" /><testcase classname="tests.test_iteration4.TestOrderCancel" name="test_missing_order_404" time="0.059" /><testcase classname="tests.test_iteration4.TestOrderCancel" name="test_cancel_blocked_when_bestaetigt" time="0.185" /><testcase classname="tests.test_iteration5.TestRegression" name="test_customer_price_and_history" time="0.179" /><testcase classname="tests.test_iteration4.TestOrderCancel" name="test_cancel_blocked_when_versendet" time="0.386" /><testcase classname="tests.test_iteration5.TestRegression" name="test_invoice_pay" time="0.158" /><testcase classname="tests.test_iteration4.TestRegression" name="test_login_three_roles" time="0.000" /><testcase classname="tests.test_iteration4.TestRegression" name="test_create_order_and_advance_status" time="0.156" /><testcase classname="tests.test_iteration4.TestRegression" name="test_products_and_create_product" time="0.119" /><testcase classname="tests.test_iteration5.TestUpload" name="test_admin_upload_returns_url_and_path" time="0.221" /><testcase classname="tests.test_iteration5.TestProductRoleHiding" name="test_admin_sees_cost" time="0.069" /><testcase classname="tests.test_iteration5.TestProductRoleHiding" name="test_sales_no_cost_but_has_floors" time="0.055" /><testcase classname="tests.test_iteration5.TestUpload" name="test_get_file_returns_image_bytes" time="0.169" /><testcase classname="tests.test_iteration5.TestProductRoleHiding" name="test_customer_no_cost_no_floors" time="0.056" /><testcase classname="tests.test_iteration5.TestAnalyticsRoleHiding" name="test_admin_analytics_has_margin" time="0.059" /><testcase classname="tests.test_iteration5.TestAnalyticsRoleHiding" name="test_sales_analytics_no_margin" time="0.100" /><testcase classname="tests.test_iteration5.TestUpload" name="test_non_image_rejected" time="0.060" /><testcase classname="tests.test_iteration5.TestAnalyticsRoleHiding" name="test_customer_analytics_forbidden" time="0.054" /><testcase classname="tests.test_iteration5.TestProductDescriptionAndImage" name="test_create_and_update_with_description_and_image" time="0.348" /><testcase classname="tests.test_iteration5.TestUpload" name="test_sales_cannot_upload" time="0.340" /><testcase classname="tests.test_iteration5.TestUpload" name="test_customer_cannot_upload" time="0.070" /></testsuite></testsuites>