<?xml version="1.0" encoding="utf-8"?><testsuites name="pytest tests"><testsuite name="pytest" errors="0" failures="0" skipped="0" tests="21" time="8.409" timestamp="2026-09-13T15:18:00.370842+00:00" hostname="agent-env-0a9ea87b-ce28-4ed8-a0ea-1d01e80e1272"><testcase classname="tests.test_iteration11.TestNewsletter" name="test_subscribe_success" time="0.828" /><testcase classname="tests.test_iteration11.TestNewsletter" name="test_subscribe_idempotent" time="0.710" /><testcase classname="tests.test_iteration11.TestNewsletter" name="test_subscribe_invalid_email" time="0.164" /><testcase classname="tests.test_iteration11.TestValidateCode" name="test_valid_code" time="1.120" /><testcase classname="tests.test_iteration11.TestValidateCode" name="test_invalid_code" time="0.143" /><testcase classname="tests.test_iteration11.TestValidateCode" name="test_empty_code" time="0.146" /><testcase classname="tests.test_iteration11.TestShopSettings" name="test_get_settings_includes_newsletter_fields" time="0.116" /><testcase classname="tests.test_iteration11.TestShopSettings" name="test_admin_can_update_discount" time="0.454" /><testcase classname="tests.test_iteration11.TestShopSettings" name="test_toggle_disabled_makes_validate_return_false" time="0.731" /><testcase classname="tests.test_iteration11.TestShopSettings" name="test_sales_cannot_update_settings" time="0.394" /><testcase classname="tests.test_iteration11.TestShopOrdersPromo" name="test_order_no_promo_no_discount" time="0.436" /><testcase classname="tests.test_iteration11.TestShopOrdersPromo" name="test_order_with_invalid_promo_no_discount" time="0.475" /><testcase classname="tests.test_iteration11.TestShopOrdersPromo" name="test_order_with_valid_promo_applies_discount" time="0.742" /><testcase classname="tests.test_iteration11.TestShopOrdersPromo" name="test_order_promo_case_insensitive" time="0.515" /><testcase classname="tests.test_iteration11.TestPush" name="test_register_push_upstream_expected_failure" time="0.159" /><testcase classname="tests.test_iteration11.TestPush" name="test_broadcast_requires_admin" time="0.419" /><testcase classname="tests.test_iteration11.TestPush" name="test_broadcast_no_auth" time="0.141" /><testcase classname="tests.test_iteration11.TestPush" name="test_broadcast_validation_empty_title" time="0.133" /><testcase classname="tests.test_iteration11.TestPush" name="test_broadcast_validation_empty_message" time="0.132" /><testcase classname="tests.test_iteration11.TestPush" name="test_broadcast_upstream_expected_502" time="0.118" /><testcase classname="tests.test_iteration11.TestPush" name="test_stats_admin_only" time="0.279" /></testsuite></testsuites>