<?xml version="1.0" encoding="utf-8"?><testsuites name="pytest tests"><testsuite name="pytest" errors="0" failures="0" skipped="0" tests="13" time="6.411" timestamp="2026-09-13T16:26:06.358725+00:00" hostname="agent-env-0a9ea87b-ce28-4ed8-a0ea-1d01e80e1272"><testcase classname="tests.test_iteration14.TestShopCheckoutRegression" name="test_checkout_returns_url_or_502" time="1.031" /><testcase classname="tests.test_iteration14.TestShopOrderStatus" name="test_admin_updates_status_to_versendet" time="1.154" /><testcase classname="tests.test_iteration14.TestShopCheckoutRegression" name="test_checkout_unknown_order_404" time="0.119" /><testcase classname="tests.test_iteration14.TestShopCheckoutRegression" name="test_payment_status_open" time="0.761" /><testcase classname="tests.test_iteration14.TestShopOrderStatus" name="test_sales_can_update_status" time="0.892" /><testcase classname="tests.test_iteration14.TestShopCheckoutRegression" name="test_payment_status_unknown_404" time="0.189" /><testcase classname="tests.test_iteration14.TestShopOrderStatus" name="test_all_valid_statuses" time="1.981" /><testcase classname="tests.test_iteration14.TestShopMyOrders" name="test_my_orders_fields" time="0.849" /><testcase classname="tests.test_iteration14.TestShopMyOrders" name="test_status_change_reflects_in_my_orders" time="1.551" /><testcase classname="tests.test_iteration14.TestShopOrderStatus" name="test_invalid_status_returns_400" time="0.646" /><testcase classname="tests.test_iteration14.TestShopOrderStatus" name="test_unknown_order_returns_404" time="0.129" /><testcase classname="tests.test_iteration14.TestShopOrderStatus" name="test_shopuser_forbidden" time="0.780" /><testcase classname="tests.test_iteration14.TestShopOrderStatus" name="test_no_auth_returns_401" time="0.485" /></testsuite></testsuites>