<?xml version="1.0" encoding="utf-8"?><testsuites name="pytest tests"><testsuite name="pytest" errors="0" failures="0" skipped="1" tests="16" time="6.430" timestamp="2026-09-13T17:58:30.926595+00:00" hostname="agent-env-0a9ea87b-ce28-4ed8-a0ea-1d01e80e1272"><testcase classname="tests.test_iteration18.TestRespondDeclineQuestion" name="test_decline_sets_status_abgelehnt" time="1.890" /><testcase classname="tests.test_iteration18.TestLeasingOfferRequiresCoffee" name="test_leasing_missing_minkg_returns_400" time="1.623" /><testcase classname="tests.test_iteration18.TestLeasingOfferRequiresCoffee" name="test_leasing_minkg_zero_returns_400" time="0.444" /><testcase classname="tests.test_iteration18.TestRespondDeclineQuestion" name="test_question_sets_status_and_appends" time="0.956" /><testcase classname="tests.test_iteration18.TestLeasingOfferRequiresCoffee" name="test_leasing_missing_product_returns_400" time="0.407" /><testcase classname="tests.test_iteration18.TestLeasingOfferRequiresCoffee" name="test_leasing_missing_price_returns_400" time="0.453" /><testcase classname="tests.test_iteration18.TestRespondDeclineQuestion" name="test_invalid_action_returns_400" time="0.321" /><testcase classname="tests.test_iteration18.TestLeasingOfferRequiresCoffee" name="test_leasing_price_zero_returns_400" time="0.429" /><testcase classname="tests.test_iteration18.TestRespondDeclineQuestion" name="test_non_owner_customer_gets_403" time="0.908"><skipped type="pytest.skip" message="could not login TEST_ user: 401">/app/backend/tests/test_iteration18.py:248: could not login TEST_ user: 401</skipped></testcase><testcase classname="tests.test_iteration18.TestLeasingOfferRequiresCoffee" name="test_leasing_full_valid_terms_returns_200" time="0.771" /><testcase classname="tests.test_iteration18.TestLeasingContractsOverview" name="test_admin_gets_enriched_rows" time="0.924" /><testcase classname="tests.test_iteration18.TestLeasingOfferRequiresCoffee" name="test_finanzierung_offer_does_not_require_coffee" time="0.454" /><testcase classname="tests.test_iteration18.TestLeasingAcceptContractFields" name="test_accept_contract_uses_product_and_price" time="0.922" /><testcase classname="tests.test_iteration18.TestLeasingContractsOverview" name="test_sales_can_access" time="0.432" /><testcase classname="tests.test_iteration18.TestLeasingContractsOverview" name="test_customer_forbidden" time="0.128" /><testcase classname="tests.test_iteration18.TestZCleanup" name="test_cleanup" time="0.004" /></testsuite></testsuites>