<?xml version="1.0" encoding="utf-8"?><testsuites name="pytest tests"><testsuite name="pytest" errors="0" failures="0" skipped="0" tests="29" time="5.847" timestamp="2026-09-13T11:49:37.267124+00:00" hostname="agent-env-0a9ea87b-ce28-4ed8-a0ea-1d01e80e1272"><testcase classname="tests.test_iteration7.TestProductActive" name="test_get_products_returns_active_field" time="0.418" /><testcase classname="tests.test_iteration7.TestProductActive" name="test_admin_can_toggle_active" time="0.190" /><testcase classname="tests.test_iteration7.TestProductActive" name="test_sales_forbidden" time="0.346" /><testcase classname="tests.test_iteration7.TestProductActive" name="test_customer_forbidden" time="0.344" /><testcase classname="tests.test_iteration7.TestProductActive" name="test_404_unknown_product" time="0.065" /><testcase classname="tests.test_iteration7.TestProductActive" name="test_inactive_still_in_get_products" time="0.227" /><testcase classname="tests.test_iteration7.TestUserManagement" name="test_list_users_admin" time="0.064" /><testcase classname="tests.test_iteration7.TestUserManagement" name="test_list_users_sales_forbidden" time="0.065" /><testcase classname="tests.test_iteration7.TestUserManagement" name="test_list_users_customer_forbidden" time="0.064" /><testcase classname="tests.test_iteration7.TestUserManagement" name="test_create_sales_returns_initial_password" time="0.572" /><testcase classname="tests.test_iteration7.TestUserManagement" name="test_create_customer_with_new_company" time="0.570" /><testcase classname="tests.test_iteration7.TestUserManagement" name="test_create_duplicate_email_returns_409" time="0.060" /><testcase classname="tests.test_iteration7.TestUserManagement" name="test_create_customer_without_company_returns_400" time="0.064" /><testcase classname="tests.test_iteration7.TestUserManagement" name="test_create_customer_with_existing_company" time="0.283" /><testcase classname="tests.test_iteration7.TestUserManagement" name="test_create_sales_non_admin_forbidden" time="0.064" /><testcase classname="tests.test_iteration7.TestUserManagement" name="test_admin_reset_password" time="0.572" /><testcase classname="tests.test_iteration7.TestUserManagement" name="test_admin_reset_unknown_user_404" time="0.069" /><testcase classname="tests.test_iteration7.TestUserManagement" name="test_admin_reset_forbidden_for_sales" time="0.124" /><testcase classname="tests.test_iteration7.TestPasswordFlows" name="test_forgot_unknown_email_returns_200" time="0.069" /><testcase classname="tests.test_iteration7.TestPasswordFlows" name="test_forgot_known_email_returns_200" time="0.149" /><testcase classname="tests.test_iteration7.TestPasswordFlows" name="test_reset_with_seeded_code_succeeds" time="0.703" /><testcase classname="tests.test_iteration7.TestPasswordFlows" name="test_reset_wrong_code_returns_400" time="0.065" /><testcase classname="tests.test_iteration7.TestPasswordFlows" name="test_change_password_wrong_current" time="0.285" /><testcase classname="tests.test_iteration7.TestPasswordFlows" name="test_change_password_short_new" time="0.062" /><testcase classname="tests.test_iteration7.TestPasswordFlows" name="test_change_password_unauth_401" time="0.063" /><testcase classname="tests.test_iteration7.TestCostHiding" name="test_sales_no_cost" time="0.061" /><testcase classname="tests.test_iteration7.TestCostHiding" name="test_customer_no_cost" time="0.059" /><testcase classname="tests.test_iteration7.TestCostHiding" name="test_admin_sees_cost" time="0.063" /><testcase classname="tests.test_iteration7.TestCleanup" name="test_zzz_cleanup" time="0.005" /></testsuite></testsuites>