<?xml version="1.0" encoding="utf-8"?><testsuites name="pytest tests"><testsuite name="pytest" errors="0" failures="0" skipped="0" tests="22" time="5.493" timestamp="2026-09-13T19:55:18.365814+00:00" hostname="agent-env-0a9ea87b-ce28-4ed8-a0ea-1d01e80e1272"><testcase classname="tests.test_iteration20_machines_newsletter.TestMachinesScoping" name="test_get_machine_requests_sales_scoped" time="0.714" /><testcase classname="tests.test_iteration20_machines_newsletter.TestLoginSmoke" name="test_admin_login" time="0.710" /><testcase classname="tests.test_iteration20_machines_newsletter.TestMachinesScoping" name="test_get_machine_requests_admin_sees_all" time="0.512" /><testcase classname="tests.test_iteration20_machines_newsletter.TestLoginSmoke" name="test_sales_login" time="0.516" /><testcase classname="tests.test_iteration20_machines_newsletter.TestMachinesScoping" name="test_put_terms_sales_out_of_scope_403" time="0.291" /><testcase classname="tests.test_iteration20_machines_newsletter.TestLoginSmoke" name="test_customer_login" time="0.292" /><testcase classname="tests.test_iteration20_machines_newsletter.TestNewsletterBaseUrl" name="test_safe_base_ignores_malicious" time="0.482" /><testcase classname="tests.test_iteration20_machines_newsletter.TestMachinesScoping" name="test_put_terms_sales_in_scope_200" time="0.235" /><testcase classname="tests.test_iteration20_machines_newsletter.TestMachinesScoping" name="test_accept_sales_out_of_scope_403" time="0.215" /><testcase classname="tests.test_iteration20_machines_newsletter.TestMachinesScoping" name="test_leasing_contracts_sales_scoped" time="0.259" /><testcase classname="tests.test_iteration20_machines_newsletter.TestNewsletterBaseUrl" name="test_subscribe_ignores_malicious_baseurl" time="0.261" /><testcase classname="tests.test_iteration20_machines_newsletter.TestPriorRegressions" name="test_shopuser_products_403" time="0.476" /><testcase classname="tests.test_iteration20_machines_newsletter.TestNewsletterBaseUrl" name="test_confirm_flow_still_works" time="0.828" /><testcase classname="tests.test_iteration20_machines_newsletter.TestPriorRegressions" name="test_customer_orders_ignores_client_price" time="0.415" /><testcase classname="tests.test_iteration20_machines_newsletter.TestMachinesFloor" name="test_below_floor_400" time="0.179" /><testcase classname="tests.test_iteration20_machines_newsletter.TestPriorRegressions" name="test_shop_order_checkout_requires_token_or_owner" time="0.658" /><testcase classname="tests.test_iteration20_machines_newsletter.TestMachinesFloor" name="test_at_or_above_floor_ok" time="0.204" /><testcase classname="tests.test_iteration20_machines_newsletter.TestKaufCheckout" name="test_kauf_checkout_status" time="0.410" /><testcase classname="tests.test_iteration20_machines_newsletter.TestMachinesLeasingValidations" name="test_missing_product_400" time="0.136" /><testcase classname="tests.test_iteration20_machines_newsletter.TestKaufCheckout" name="test_checkout_not_owner_403" time="0.199" /><testcase classname="tests.test_iteration20_machines_newsletter.TestMachinesLeasingValidations" name="test_zero_min_coffee_400" time="0.113" /><testcase classname="tests.test_iteration20_machines_newsletter.TestMachinesLeasingHappyPath" name="test_full_flow" time="0.690" /></testsuite></testsuites>