<?xml version="1.0" encoding="utf-8"?><testsuites name="pytest tests"><testsuite name="pytest" errors="0" failures="0" skipped="0" tests="7" time="2.040" timestamp="2026-09-13T15:35:25.210210+00:00" hostname="agent-env-0a9ea87b-ce28-4ed8-a0ea-1d01e80e1272"><testcase classname="tests.test_iteration12.TestNewsletterDoubleOptIn" name="test_subscribe_new_returns_pending_no_code" time="0.383" /><testcase classname="tests.test_iteration12.TestNewsletterDoubleOptIn" name="test_subscribe_idempotent_unconfirmed" time="0.510" /><testcase classname="tests.test_iteration12.TestNewsletterDoubleOptIn" name="test_confirm_invalid_token_returns_404_html" time="0.072" /><testcase classname="tests.test_iteration12.TestNewsletterDoubleOptIn" name="test_confirm_valid_token_returns_code_and_sets_confirmed" time="0.459" /><testcase classname="tests.test_iteration12.TestNewsletterDoubleOptIn" name="test_validate_random_code_invalid" time="0.075" /><testcase classname="tests.test_iteration12.TestShopOrderPromo" name="test_order_with_confirmed_code_applies_discount" time="0.233" /><testcase classname="tests.test_iteration12.TestShopOrderPromo" name="test_order_with_invalid_code_zero_discount" time="0.216" /></testsuite></testsuites>