<?xml version="1.0" encoding="utf-8"?><testsuites name="pytest tests"><testsuite name="pytest" errors="0" failures="0" skipped="0" tests="9" time="2.854" timestamp="2026-09-13T10:01:22.513370+00:00" hostname="agent-env-0a9ea87b-ce28-4ed8-a0ea-1d01e80e1272"><testcase classname="tests.test_iteration4.TestOrderCancel" name="test_customer_cancels_own_neu_order" time="1.562" /><testcase classname="tests.test_iteration4.TestRegression" name="test_login_three_roles" time="1.347" /><testcase classname="tests.test_iteration4.TestRegression" name="test_create_order_and_advance_status" time="0.151" /><testcase classname="tests.test_iteration4.TestRegression" name="test_products_and_create_product" time="0.112" /><testcase classname="tests.test_iteration4.TestOrderCancel" name="test_second_cancel_returns_400" time="0.236" /><testcase classname="tests.test_iteration4.TestOrderCancel" name="test_other_company_gets_403" time="0.136" /><testcase classname="tests.test_iteration4.TestOrderCancel" name="test_missing_order_404" time="0.070" /><testcase classname="tests.test_iteration4.TestOrderCancel" name="test_cancel_blocked_when_bestaetigt" time="0.186" /><testcase classname="tests.test_iteration4.TestOrderCancel" name="test_cancel_blocked_when_versendet" time="0.326" /></testsuite></testsuites>