<?xml version="1.0" encoding="utf-8"?><testsuites name="pytest tests"><testsuite name="pytest" errors="0" failures="0" skipped="0" tests="31" time="6.211" timestamp="2026-09-13T13:06:13.240650+00:00" hostname="agent-env-0a9ea87b-ce28-4ed8-a0ea-1d01e80e1272"><testcase classname="tests.test_iteration8.TestRefactorRegression" name="test_login_admin" time="0.490" /><testcase classname="tests.test_iteration8.TestRefactorRegression" name="test_me_includes_must_change_password_admin" time="0.062" /><testcase classname="tests.test_iteration8.TestRefactorRegression" name="test_products_admin_has_cost" time="0.068" /><testcase classname="tests.test_iteration8.TestRefactorRegression" name="test_products_sales_no_cost" time="0.354" /><testcase classname="tests.test_iteration8.TestRefactorRegression" name="test_products_customer_no_cost_no_floor" time="0.352" /><testcase classname="tests.test_iteration8.TestRefactorRegression" name="test_offers_orders_companies_dashboard_analytics" time="0.348" /><testcase classname="tests.test_iteration8.TestRefactorRegression" name="test_analytics_margin_admin_only" time="0.127" /><testcase classname="tests.test_iteration8.TestCompanyUpdate" name="test_admin_can_update_company" time="0.200" /><testcase classname="tests.test_iteration8.TestCompanyUpdate" name="test_sales_forbidden" time="0.064" /><testcase classname="tests.test_iteration8.TestCompanyUpdate" name="test_customer_forbidden" time="0.060" /><testcase classname="tests.test_iteration8.TestCompanyUpdate" name="test_restore_company" time="0.073" /><testcase classname="tests.test_iteration8.TestForcedPasswordAndRateLimit" name="test_new_user_has_must_change_password_true" time="0.641" /><testcase classname="tests.test_iteration8.TestForcedPasswordAndRateLimit" name="test_change_password_flips_flag" time="1.145" /><testcase classname="tests.test_iteration8.TestForcedPasswordAndRateLimit" name="test_login_rate_limit_429" time="0.373" /><testcase classname="tests.test_iteration8.TestInvoicesVat" name="test_create_invoice_and_vat_breakdown" time="0.203" /><testcase classname="tests.test_iteration8.TestInvoicesVat" name="test_duplicate_invoice_400" time="0.067" /><testcase classname="tests.test_iteration8.TestInvoicesVat" name="test_collective_invoice" time="0.067" /><testcase classname="tests.test_iteration8.TestInvoicesVat" name="test_customer_cannot_create_invoice" time="0.065" /><testcase classname="tests.test_iteration8.TestSubscriptions" name="test_create_subscription" time="0.071" /><testcase classname="tests.test_iteration8.TestSubscriptions" name="test_list_subscriptions_includes_new" time="0.066" /><testcase classname="tests.test_iteration8.TestSubscriptions" name="test_customer_forbidden_list" time="0.070" /><testcase classname="tests.test_iteration8.TestSubscriptions" name="test_toggle_subscription" time="0.136" /><testcase classname="tests.test_iteration8.TestSubscriptions" name="test_run_subscriptions_creates_order" time="0.064" /><testcase classname="tests.test_iteration8.TestSubscriptions" name="test_run_sub_forbidden_sales" time="0.072" /><testcase classname="tests.test_iteration8.TestSubscriptions" name="test_delete_subscription" time="0.132" /><testcase classname="tests.test_iteration8.TestStripeCheckout" name="test_checkout_requires_auth" time="0.069" /><testcase classname="tests.test_iteration8.TestStripeCheckout" name="test_checkout_forbidden_for_other_company" time="0.359" /><testcase classname="tests.test_iteration8.TestStripeCheckout" name="test_checkout_happy_path_502_expected" time="0.103" /><testcase classname="tests.test_iteration8.TestStripeCheckout" name="test_checkout_409_when_already_paid" time="0.135" /><testcase classname="tests.test_iteration8.TestStripeCheckout" name="test_payment_status_returns_paid" time="0.065" /><testcase classname="tests.test_iteration8.TestCleanup" name="test_zzz_cleanup" time="0.006" /></testsuite></testsuites>