<?xml version="1.0" encoding="utf-8"?><testsuites name="pytest tests"><testsuite name="pytest" errors="0" failures="0" skipped="0" tests="22" time="7.478" timestamp="2026-09-13T14:18:18.640242+00:00" hostname="agent-env-0a9ea87b-ce28-4ed8-a0ea-1d01e80e1272"><testcase classname="tests.test_iteration10.TestShopPublicCatalog" name="test_shop_products_no_auth" time="0.234" /><testcase classname="tests.test_iteration10.TestShopPublicCatalog" name="test_shop_settings_no_auth" time="0.144" /><testcase classname="tests.test_iteration10.TestShopGuestOrders" name="test_order_small_charges_shipping" time="0.442" /><testcase classname="tests.test_iteration10.TestShopGuestOrders" name="test_order_over_threshold_free_shipping" time="0.425" /><testcase classname="tests.test_iteration10.TestShopGuestOrders" name="test_order_missing_name_400" time="0.278" /><testcase classname="tests.test_iteration10.TestShopGuestOrders" name="test_order_invalid_email_400" time="0.249" /><testcase classname="tests.test_iteration10.TestShopGuestOrders" name="test_order_empty_items_400" time="0.132" /><testcase classname="tests.test_iteration10.TestShopGuestOrders" name="test_server_recomputes_price_ignores_client" time="0.357" /><testcase classname="tests.test_iteration10.TestShopCheckout" name="test_checkout_502_expected_preview" time="0.549" /><testcase classname="tests.test_iteration10.TestShopCheckout" name="test_payment_status_open" time="0.150" /><testcase classname="tests.test_iteration10.TestShopCheckout" name="test_payment_status_404" time="0.144" /><testcase classname="tests.test_iteration10.TestShopAdmin" name="test_put_settings_admin" time="0.734" /><testcase classname="tests.test_iteration10.TestShopAdmin" name="test_put_settings_sales_403" time="0.529" /><testcase classname="tests.test_iteration10.TestShopAdmin" name="test_put_settings_customer_403" time="0.472" /><testcase classname="tests.test_iteration10.TestShopAdmin" name="test_put_settings_no_auth_401" time="0.144" /><testcase classname="tests.test_iteration10.TestShopAdmin" name="test_list_orders_admin" time="0.129" /><testcase classname="tests.test_iteration10.TestShopAdmin" name="test_list_orders_sales" time="0.153" /><testcase classname="tests.test_iteration10.TestShopAdmin" name="test_list_orders_customer_403" time="0.588" /><testcase classname="tests.test_iteration10.TestB2CPriceRoundtrip" name="test_put_b2cprice" time="1.220" /><testcase classname="tests.test_iteration10.TestCostInvariant" name="test_sales_products_no_cost" time="0.121" /><testcase classname="tests.test_iteration10.TestCostInvariant" name="test_customer_products_no_cost" time="0.113" /><testcase classname="tests.test_iteration10.TestCostInvariant" name="test_public_shop_no_cost" time="0.115" /></testsuite></testsuites>