<?xml version="1.0" encoding="utf-8"?><testsuites name="pytest tests"><testsuite name="pytest" errors="0" failures="0" skipped="0" tests="11" time="3.169" timestamp="2026-09-13T15:50:43.157862+00:00" hostname="agent-env-0a9ea87b-ce28-4ed8-a0ea-1d01e80e1272"><testcase classname="tests.test_iteration13.TestNewsletterUnsubscribe" name="test_subscribe_stores_unsub_token" time="0.414" /><testcase classname="tests.test_iteration13.TestNewsletterUnsubscribe" name="test_unsubscribe_valid_token_deletes_subscriber" time="0.394" /><testcase classname="tests.test_iteration13.TestNewsletterUnsubscribe" name="test_unsubscribe_invalid_token_returns_404_html" time="0.075" /><testcase classname="tests.test_iteration13.TestNewsletterUnsubscribe" name="test_unsubscribe_same_token_twice_second_is_404" time="0.455" /><testcase classname="tests.test_iteration13.TestNewsletterRegression" name="test_subscribe_returns_pending_no_code" time="0.264" /><testcase classname="tests.test_iteration13.TestNewsletterRegression" name="test_confirm_issues_code_and_validate_works" time="0.519" /><testcase classname="tests.test_iteration13.TestNewsletterRegression" name="test_validate_bad_code_returns_invalid" time="0.077" /><testcase classname="tests.test_iteration13.TestShopOrderDetails" name="test_shop_me_returns_user" time="0.376" /><testcase classname="tests.test_iteration13.TestShopOrderDetails" name="test_create_order_as_logged_in_and_verify_details" time="0.318" /><testcase classname="tests.test_iteration13.TestShopOrderDetails" name="test_my_orders_unauthorized" time="0.077" /><testcase classname="tests.test_iteration13.TestShopOrderDetails" name="test_no_mongo_objectid_leak" time="0.077" /></testsuite></testsuites>